#
# A fatal error has been detected by the Java Runtime Environment:
#
#  EXCEPTION_ACCESS_VIOLATION (0xc0000005) at pc=0x6da0dea3, pid=2812, tid=2640
#
# JRE version: 6.0_19-b04
# Java VM: Java HotSpot(TM) Client VM (16.2-b04 mixed mode windows-x86 )
# Problematic frame:
# V  [jvm.dll+0x15dea3]
#
# If you would like to submit a bug report, please visit:
#   http://java.sun.com/webapps/bugreport/crash.jsp
#

---------------  T H R E A D  ---------------

Current thread (0x031a1800):  VMThread [stack: 0x03230000,0x03280000] [id=2640]

siginfo: ExceptionCode=0xc0000005, reading address 0x00000061

Registers:
EAX=0x3021b338, EBX=0x00000000, ECX=0x3012cbe0, EDX=0x00000001
ESP=0x0327f98c, EBP=0x0327f9a4, ESI=0x3021ec60, EDI=0x03a8aff8
EIP=0x6da0dea3, EFLAGS=0x00010212

Top of Stack: (sp=0x0327f98c)
0x0327f98c:   3021b338 6db04b8c 30137700 00c7bd28
0x0327f99c:   6da0e2f2 6db04b8c 0327f9b8 6da91ff4
0x0327f9ac:   6db1cae8 6db04b8c 00c7bd28 0327f9d4
0x0327f9bc:   6da51d4d 6db04b8c 00000000 6db04b8c
0x0327f9cc:   6db04b8c 00c7bd28 0327f9f8 6d9784cf
0x0327f9dc:   00000001 00000002 6db04b8c 6db04b8c
0x0327f9ec:   00000001 00c7bd28 00000000 0327fa40
0x0327f9fc:   6d97a15c 00000001 00000000 00000001 

Instructions: (pc=0x6da0dea3)
0x6da0de93:   4b b0 6d 8b 04 81 8b 48 04 8b 51 08 83 c1 08 50
0x6da0dea3:   ff 52 60 8b 0d 18 4b b0 6d 85 c9 0f 85 4d ff ff 


Stack: [0x03230000,0x03280000],  sp=0x0327f98c,  free space=13e0327f500k
Native frames: (J=compiled Java code, j=interpreted, Vv=VM code, C=native code)
V  [jvm.dll+0x15dea3]
V  [jvm.dll+0x1e1ff4]
V  [jvm.dll+0x1a1d4d]
V  [jvm.dll+0xc84cf]
V  [jvm.dll+0xca15c]
V  [jvm.dll+0xca520]
V  [jvm.dll+0xce57a]
V  [jvm.dll+0x1d8762]
V  [jvm.dll+0xc94b8]
V  [jvm.dll+0xc98b1]
V  [jvm.dll+0x1f46c4]
V  [jvm.dll+0x1f7043]
V  [jvm.dll+0x1f62de]
V  [jvm.dll+0x1f662c]
V  [jvm.dll+0x1f6a52]
V  [jvm.dll+0x17f96c]
C  [msvcr71.dll+0x9565]
C  [kernel32.dll+0xb729]

VM_Operation (0x03d0d218): GenCollectForPermanentAllocation, mode: safepoint, requested by thread 0x03873800


---------------  P R O C E S S  ---------------

Java Threads: ( => current thread )
  0x03e05c00 JavaThread "9555723@qtp-17975110-8" [_thread_blocked, id=1744, stack(0x04710000,0x04760000)]
  0x03772c00 JavaThread "3931207@qtp-17975110-7" [_thread_blocked, id=3592, stack(0x04760000,0x047b0000)]
  0x03afe800 JavaThread "12793391@qtp-17975110-5" [_thread_blocked, id=508, stack(0x046c0000,0x04710000)]
  0x0375f400 JavaThread "33306664@qtp-17975110-4" [_thread_blocked, id=2136, stack(0x04670000,0x046c0000)]
  0x0375fc00 JavaThread "1699466@qtp-17975110-3" [_thread_blocked, id=3368, stack(0x04620000,0x04670000)]
  0x03b0f800 JavaThread "3042406@qtp-17975110-2" [_thread_blocked, id=2676, stack(0x03c70000,0x03cc0000)]
  0x03839000 JavaThread "Timer-1" daemon [_thread_blocked, id=3040, stack(0x045d0000,0x04620000)]
  0x03500c00 JavaThread "Timer-0" daemon [_thread_blocked, id=3192, stack(0x03d70000,0x03dc0000)]
  0x03871000 JavaThread "2955420@qtp-17975110-1 - Acceptor0 SelectChannelConnector@127.0.0.1:8888" [_thread_in_native, id=2608, stack(0x03d10000,0x03d60000)]
  0x03873800 JavaThread "23971937@qtp-17975110-0" [_thread_blocked, id=668, stack(0x03cc0000,0x03d10000)]
  0x034ea400 JavaThread "Low Memory Detector" daemon [_thread_blocked, id=3912, stack(0x03610000,0x03660000)]
  0x034c6800 JavaThread "CompilerThread0" daemon [_thread_blocked, id=1148, stack(0x035c0000,0x03610000)]
  0x031bb000 JavaThread "Attach Listener" daemon [_thread_blocked, id=244, stack(0x03370000,0x033c0000)]
  0x031b9c00 JavaThread "Signal Dispatcher" daemon [_thread_blocked, id=3964, stack(0x03320000,0x03370000)]
  0x031a9000 JavaThread "Finalizer" daemon [_thread_blocked, id=3740, stack(0x032d0000,0x03320000)]
  0x031a4400 JavaThread "Reference Handler" daemon [_thread_blocked, id=4076, stack(0x03280000,0x032d0000)]
  0x00c78000 JavaThread "main" [_thread_blocked, id=288, stack(0x00d10000,0x00d60000)]

Other Threads:
=>0x031a1800 VMThread [stack: 0x03230000,0x03280000] [id=2640]
  0x034f5800 WatcherThread [stack: 0x03660000,0x036b0000] [id=3780]

VM state:at safepoint (normal execution)

VM Mutex/Monitor currently owned by a thread:  ([mutex/lock_event])
[0x00c770b0] Threads_lock - owner thread: 0x031a1800
[0x00c774c0] Heap_lock - owner thread: 0x03873800

Heap
 def new generation   total 6016K, used 4405K [0x10120000, 0x107a0000, 0x1abc0000)
  eden space 5376K,  76% used [0x10120000, 0x10522278, 0x10660000)
  from space 640K,  46% used [0x10700000, 0x1074b300, 0x107a0000)
  to   space 640K,   0% used [0x10660000, 0x10660000, 0x10700000)
 tenured generation   total 13160K, used 12938K [0x1abc0000, 0x1b89a000, 0x30120000)
   the space 13160K,  98% used [0x1abc0000, 0x1b8628f8, 0x1b862a00, 0x1b89a000)
 compacting perm gen  total 22784K, used 22783K [0x30120000, 0x31760000, 0x34120000)
   the space 22784K,  99% used [0x30120000, 0x3175ffd8, 0x31760000, 0x31760000)
No shared spaces configured.

Dynamic libraries:
0x00400000 - 0x00424000 	C:\Program Files\Java\jdk1.6.0_19\bin\javaw.exe
0x7c900000 - 0x7c9b2000 	C:\WINDOWS\system32\ntdll.dll
0x7c800000 - 0x7c8f6000 	C:\WINDOWS\system32\kernel32.dll
0x77dd0000 - 0x77e6b000 	C:\WINDOWS\system32\ADVAPI32.dll
0x77e70000 - 0x77f02000 	C:\WINDOWS\system32\RPCRT4.dll
0x77fe0000 - 0x77ff1000 	C:\WINDOWS\system32\Secur32.dll
0x7e410000 - 0x7e4a1000 	C:\WINDOWS\system32\USER32.dll
0x77f10000 - 0x77f59000 	C:\WINDOWS\system32\GDI32.dll
0x76390000 - 0x763ad000 	C:\WINDOWS\system32\IMM32.DLL
0x10000000 - 0x1011c000 	C:\Program Files\BkavHome\Firewall\BkavFirewallEngine.dll
0x77f60000 - 0x77fd6000 	C:\WINDOWS\system32\SHLWAPI.dll
0x77c10000 - 0x77c68000 	C:\WINDOWS\system32\msvcrt.dll
0x71ab0000 - 0x71ac7000 	C:\WINDOWS\system32\WS2_32.dll
0x71aa0000 - 0x71aa8000 	C:\WINDOWS\system32\WS2HELP.dll
0x59a60000 - 0x59b01000 	C:\WINDOWS\system32\dbghelp.dll
0x77c00000 - 0x77c08000 	C:\WINDOWS\system32\VERSION.dll
0x76bf0000 - 0x76bfb000 	C:\WINDOWS\system32\PSAPI.DLL
0x76360000 - 0x76370000 	C:\WINDOWS\system32\Winsta.dll
0x5b860000 - 0x5b8b6000 	C:\WINDOWS\system32\NETAPI32.dll
0x71ad0000 - 0x71ad9000 	C:\WINDOWS\system32\Wsock32.dll
0x7c340000 - 0x7c396000 	C:\Program Files\Java\jdk1.6.0_19\jre\bin\msvcr71.dll
0x6d8b0000 - 0x6db47000 	C:\Program Files\Java\jdk1.6.0_19\jre\bin\client\jvm.dll
0x76b40000 - 0x76b6d000 	C:\WINDOWS\system32\WINMM.dll
0x6d860000 - 0x6d86c000 	C:\Program Files\Java\jdk1.6.0_19\jre\bin\verify.dll
0x6d3e0000 - 0x6d3ff000 	C:\Program Files\Java\jdk1.6.0_19\jre\bin\java.dll
0x6d340000 - 0x6d348000 	C:\Program Files\Java\jdk1.6.0_19\jre\bin\hpi.dll
0x6d380000 - 0x6d39a000 	C:\Program Files\Java\jdk1.6.0_19\jre\bin\instrument.dll
0x6d8a0000 - 0x6d8af000 	C:\Program Files\Java\jdk1.6.0_19\jre\bin\zip.dll
0x68000000 - 0x68036000 	C:\WINDOWS\system32\rsaenh.dll
0x769c0000 - 0x76a74000 	C:\WINDOWS\system32\USERENV.dll
0x6d6c0000 - 0x6d6d3000 	C:\Program Files\Java\jdk1.6.0_19\jre\bin\net.dll
0x71a50000 - 0x71a8f000 	C:\WINDOWS\System32\mswsock.dll
0x76f20000 - 0x76f47000 	C:\WINDOWS\system32\DNSAPI.dll
0x76d60000 - 0x76d79000 	C:\WINDOWS\system32\iphlpapi.dll
0x76fb0000 - 0x76fb8000 	C:\WINDOWS\System32\winrnr.dll
0x76f60000 - 0x76f8c000 	C:\WINDOWS\system32\WLDAP32.dll
0x76fc0000 - 0x76fc6000 	C:\WINDOWS\system32\rasadhlp.dll
0x6d840000 - 0x6d848000 	C:\Program Files\Java\jdk1.6.0_19\jre\bin\sunmscapi.dll
0x77a80000 - 0x77b15000 	C:\WINDOWS\system32\CRYPT32.dll
0x77b20000 - 0x77b32000 	C:\WINDOWS\system32\MSASN1.dll
0x03b10000 - 0x03b43000 	C:\WINDOWS\system32\idmmbc.dll
0x774e0000 - 0x7761e000 	C:\WINDOWS\system32\ole32.dll
0x77120000 - 0x771ab000 	C:\WINDOWS\system32\OLEAUT32.dll
0x662b0000 - 0x66308000 	C:\WINDOWS\system32\hnetcfg.dll
0x71a90000 - 0x71a98000 	C:\WINDOWS\System32\wshtcpip.dll
0x6d6e0000 - 0x6d6e9000 	C:\Program Files\Java\jdk1.6.0_19\jre\bin\nio.dll

VM Arguments:
jvm_args: -Xmx512m -javaagent:D:\KLTN\Soft\appengine-java-sdk-1.6.0\appengine-java-sdk-1.6.0\lib\agent\appengine-agent.jar -Dfile.encoding=UTF-8 
java_command: com.google.appengine.tools.development.DevAppServerMain --port=8888 D:\KLTN\GAE\KLTN\war
Launcher Type: SUN_STANDARD

Environment Variables:
PATH=C:/Program Files/Java/jre6/bin/client;C:/Program Files/Java/jre6/bin;C:/Program Files/Java/jre6/lib/i386;C:\WINDOWS\system32;C:\WINDOWS;C:\WINDOWS\System32\Wbem;C:\Program Files\TortoiseSVN\bin;C:\Program Files\Microsoft SQL Server\80\Tools\Binn\;D:\KLTN\Soft\eclipse\eclipse\eclipse;
USERNAME=Administrator
OS=Windows_NT
PROCESSOR_IDENTIFIER=x86 Family 6 Model 15 Stepping 13, GenuineIntel



---------------  S Y S T E M  ---------------

OS: Windows XP Build 2600 Service Pack 3

CPU:total 2 (2 cores per cpu, 1 threads per core) family 6 model 15 stepping 13, cmov, cx8, fxsr, mmx, sse, sse2, sse3, ssse3

Memory: 4k page, physical 2088108k(621280k free), swap 2709240k(1165380k free)

vm_info: Java HotSpot(TM) Client VM (16.2-b04) for windows-x86 JRE (1.6.0_19-b04), built on Mar  9 2010 00:48:41 by "java_re" with MS VC++ 7.1 (VS2003)

time: Sun Jan 08 22:19:49 2012
elapsed time: 54 seconds

